<?xml version="1.0" encoding="UTF-8"?>
<!-- Generated by org.testng.reporters.JUnitReportReporter -->
<testsuite hostname="SMARTU" failures="0" tests="3" name="com.testcases.TC_ValidateMainElements_005" time="3.706" errors="0" timestamp="2024-06-28T16:33:36 IST" skipped="0">
  <testcase classname="com.testcases.TC_ValidateMainElements_005" name="test2" time="0.202"/>
  <system-out/>
  <testcase classname="com.testcases.TC_ValidateMainElements_005" name="test3" time="0.024"/>
  <system-out/>
  <testcase classname="com.testcases.TC_ValidateMainElements_005" name="test1" time="3.480"/>
  <system-out/>
</testsuite> <!-- com.testcases.TC_ValidateMainElements_005 -->
