<?xml version="1.0" encoding="UTF-8"?>
<!-- Generated by org.testng.reporters.JUnitReportReporter -->
<testsuite hostname="SMARTU" failures="0" tests="3" name="com.testcases.TC_LogInPageTest_003" time="4.853" errors="0" timestamp="2024-06-28T16:26:50 IST" skipped="0">
  <testcase classname="com.testcases.TC_LogInPageTest_003" name="test1" time="3.102"/>
  <system-out/>
  <testcase classname="com.testcases.TC_LogInPageTest_003" name="test2" time="1.705"/>
  <system-out/>
  <testcase classname="com.testcases.TC_LogInPageTest_003" name="test3" time="0.046"/>
  <system-out/>
</testsuite> <!-- com.testcases.TC_LogInPageTest_003 -->
