<?xml version="1.0" encoding="UTF-8"?>
<!-- Generated by org.testng.reporters.JUnitReportReporter -->
<testsuite hostname="SMARTU" failures="0" tests="3" name="com.testcases.TC_RegisterPage_002" time="6.039" errors="0" timestamp="2024-06-28T16:20:44 IST" skipped="0">
  <testcase classname="com.testcases.TC_RegisterPage_002" name="test1" time="3.480"/>
  <system-out/>
  <testcase classname="com.testcases.TC_RegisterPage_002" name="test2" time="2.466"/>
  <system-out/>
  <testcase classname="com.testcases.TC_RegisterPage_002" name="testUserVerify" time="0.093"/>
  <system-out/>
</testsuite> <!-- com.testcases.TC_RegisterPage_002 -->
