<?xml version="1.0" encoding="UTF-8"?>
<!-- Generated by org.testng.reporters.JUnitReportReporter -->
<testsuite hostname="SMARTU" failures="0" tests="1" name="com.testcases.TC_linkTest_001" time="3.127" errors="0" timestamp="2024-11-02T19:01:10 IST" skipped="0">
  <testcase classname="com.testcases.TC_linkTest_001" name="linkTest" time="3.127"/>
  <system-out/>
</testsuite> <!-- com.testcases.TC_linkTest_001 -->
